2025-07-13 21:29:26.272 -05:00 [FTL] Application terminated unexpectedly
System.ArgumentNullException: Value cannot be null. (Parameter 's')
   at System.ArgumentNullException.Throw(String paramName)
   at System.Text.Encoding.GetBytes(String s)
   at Program.<Main>$(String[] args) in C:\Users\dilan\OneDrive\Escritorio\EstudiantesApp\EstudiantesApp.API\EstudiantesApp.API\Program.cs:line 62
2025-07-13 21:29:36.600 -05:00 [FTL] Application terminated unexpectedly
System.ArgumentNullException: Value cannot be null. (Parameter 's')
   at System.ArgumentNullException.Throw(String paramName)
   at System.Text.Encoding.GetBytes(String s)
   at Program.<Main>$(String[] args) in C:\Users\dilan\OneDrive\Escritorio\EstudiantesApp\EstudiantesApp.API\EstudiantesApp.API\Program.cs:line 62
2025-07-13 21:30:01.290 -05:00 [FTL] Application terminated unexpectedly
System.ArgumentNullException: Value cannot be null. (Parameter 's')
   at System.ArgumentNullException.Throw(String paramName)
   at System.Text.Encoding.GetBytes(String s)
   at Program.<Main>$(String[] args) in C:\Users\dilan\OneDrive\Escritorio\EstudiantesApp\EstudiantesApp.API\EstudiantesApp.API\Program.cs:line 62
2025-07-13 21:30:53.681 -05:00 [FTL] Application terminated unexpectedly
System.ArgumentNullException: Value cannot be null. (Parameter 's')
   at System.ArgumentNullException.Throw(String paramName)
   at System.Text.Encoding.GetBytes(String s)
   at Program.<Main>$(String[] args) in C:\Users\dilan\OneDrive\Escritorio\EstudiantesApp\EstudiantesApp.API\EstudiantesApp.API\Program.cs:line 62
2025-07-13 21:31:11.115 -05:00 [FTL] Application terminated unexpectedly
System.ArgumentNullException: Value cannot be null. (Parameter 's')
   at System.ArgumentNullException.Throw(String paramName)
   at System.Text.Encoding.GetBytes(String s)
   at Program.<Main>$(String[] args) in C:\Users\dilan\OneDrive\Escritorio\EstudiantesApp\EstudiantesApp.API\EstudiantesApp.API\Program.cs:line 62
2025-07-13 21:39:05.382 -05:00 [FTL] Application terminated unexpectedly
System.AggregateException: Some services are not able to be constructed (Error while validating the service descriptor 'ServiceType: EstudiantesApp.Servicio.Interfaces.IMateriaServicio Lifetime: Scoped ImplementationType: EstudiantesApp.Servicio.Servicios.MateriaServicio': Unable to resolve service for type 'EstudiantesApp.Repositorio.Interfaces.IMateriaRepositorio' while attempting to activate 'EstudiantesApp.Servicio.Servicios.MateriaServicio'.)
 ---> System.InvalidOperationException: Error while validating the service descriptor 'ServiceType: EstudiantesApp.Servicio.Interfaces.IMateriaServicio Lifetime: Scoped ImplementationType: EstudiantesApp.Servicio.Servicios.MateriaServicio': Unable to resolve service for type 'EstudiantesApp.Repositorio.Interfaces.IMateriaRepositorio' while attempting to activate 'EstudiantesApp.Servicio.Servicios.MateriaServicio'.
 ---> System.InvalidOperationException: Unable to resolve service for type 'EstudiantesApp.Repositorio.Interfaces.IMateriaRepositorio' while attempting to activate 'EstudiantesApp.Servicio.Servicios.MateriaServicio'.
   at Microsoft.Extensions.DependencyInjection.ServiceLookup.CallSiteFactory.CreateArgumentCallSites(ServiceIdentifier serviceIdentifier, Type implementationType, CallSiteChain callSiteChain, ParameterInfo[] parameters, Boolean throwIfCallSiteNotFound)
   at Microsoft.Extensions.DependencyInjection.ServiceLookup.CallSiteFactory.CreateConstructorCallSite(ResultCache lifetime, ServiceIdentifier serviceIdentifier, Type implementationType, CallSiteChain callSiteChain)
   at Microsoft.Extensions.DependencyInjection.ServiceLookup.CallSiteFactory.TryCreateExact(ServiceDescriptor descriptor, ServiceIdentifier serviceIdentifier, CallSiteChain callSiteChain, Int32 slot)
   at Microsoft.Extensions.DependencyInjection.ServiceLookup.CallSiteFactory.GetCallSite(ServiceDescriptor serviceDescriptor, CallSiteChain callSiteChain)
   at Microsoft.Extensions.DependencyInjection.ServiceProvider.ValidateService(ServiceDescriptor descriptor)
   --- End of inner exception stack trace ---
   at Microsoft.Extensions.DependencyInjection.ServiceProvider.ValidateService(ServiceDescriptor descriptor)
   at Microsoft.Extensions.DependencyInjection.ServiceProvider..ctor(ICollection`1 serviceDescriptors, ServiceProviderOptions options)
   --- End of inner exception stack trace ---
   at Microsoft.Extensions.DependencyInjection.ServiceProvider..ctor(ICollection`1 serviceDescriptors, ServiceProviderOptions options)
   at Microsoft.Extensions.DependencyInjection.ServiceCollectionContainerBuilderExtensions.BuildServiceProvider(IServiceCollection services, ServiceProviderOptions options)
   at Microsoft.Extensions.Hosting.HostApplicationBuilder.Build()
   at Microsoft.AspNetCore.Builder.WebApplicationBuilder.Build()
   at Program.<Main>$(String[] args) in C:\Users\dilan\OneDrive\Escritorio\EstudiantesApp\EstudiantesApp.API\EstudiantesApp.API\Program.cs:line 130
2025-07-13 21:43:57.897 -05:00 [INF] HTTP GET /swagger responded 301 in 7.2470 ms
2025-07-13 21:43:58.080 -05:00 [INF] HTTP GET /swagger/index.html responded 200 in 87.4285 ms
2025-07-13 21:43:58.295 -05:00 [INF] HTTP GET /swagger/swagger-ui-standalone-preset.js responded 200 in 46.1896 ms
2025-07-13 21:43:58.295 -05:00 [INF] HTTP GET /swagger/swagger-ui.css responded 200 in 55.2302 ms
2025-07-13 21:43:58.341 -05:00 [INF] HTTP GET /swagger/swagger-ui-bundle.js responded 200 in 87.3167 ms
2025-07-13 21:43:58.796 -05:00 [INF] HTTP GET /swagger/v1/swagger.json responded 200 in 22.3390 ms
2025-07-13 21:43:58.843 -05:00 [INF] HTTP GET /swagger/favicon-32x32.png responded 200 in 0.7522 ms
2025-07-13 21:55:46.108 -05:00 [INF] HTTP GET /swagger/index.html responded 200 in 109.0955 ms
2025-07-13 21:55:47.509 -05:00 [INF] HTTP GET /swagger/v1/swagger.json responded 200 in 51.1934 ms
2025-07-13 21:57:08.949 -05:00 [INF] Request: POST /api/Estudiantes
2025-07-13 21:57:10.368 -05:00 [WRN] You do not have a valid license key for the Lucky Penny software AutoMapper. This is allowed for development and testing scenarios. If you are running in production you are required to have a licensed version. Please visit https://luckypennysoftware.com to obtain a valid license.
2025-07-13 21:57:11.379 -05:00 [ERR] HTTP POST /api/Estudiantes responded 500 in 2746.6932 ms
System.InvalidOperationException: Unable to resolve service for type 'Serilog.ILogger' while attempting to activate 'EstudiantesApp.API.Controllers.EstudiantesController'.
   at Microsoft.Extensions.DependencyInjection.ActivatorUtilities.ThrowHelperUnableToResolveService(Type type, Type requiredBy)
   at lambda_method10(Closure, IServiceProvider, Object[])
   at Microsoft.AspNetCore.Mvc.Controllers.ControllerFactoryProvider.<>c__DisplayClass6_0.<CreateControllerFactory>g__CreateController|0(ControllerContext controllerContext)
   at Microsoft.AspNetCore.Mvc.Infrastructure.ControllerActionInvoker.Next(State& next, Scope& scope, Object& state, Boolean& isCompleted)
   at Microsoft.AspNetCore.Mvc.Infrastructure.ControllerActionInvoker.InvokeInnerFilterAsync()
--- End of stack trace from previous location ---
   at Microsoft.AspNetCore.Mvc.Infrastructure.ResourceInvoker.<InvokeFilterPipelineAsync>g__Awaited|20_0(ResourceInvoker invoker, Task lastTask, State next, Scope scope, Object state, Boolean isCompleted)
   at Microsoft.AspNetCore.Mvc.Infrastructure.ResourceInvoker.<InvokeAsync>g__Awaited|17_0(ResourceInvoker invoker, Task task, IDisposable scope)
   at Microsoft.AspNetCore.Mvc.Infrastructure.ResourceInvoker.<InvokeAsync>g__Awaited|17_0(ResourceInvoker invoker, Task task, IDisposable scope)
   at Program.<>c.<<<Main>$>b__0_5>d.MoveNext() in C:\Users\dilan\OneDrive\Escritorio\EstudiantesApp\EstudiantesApp.API\EstudiantesApp.API\Program.cs:line 150
--- End of stack trace from previous location ---
   at Microsoft.AspNetCore.Authorization.AuthorizationMiddleware.Invoke(HttpContext context)
   at Microsoft.AspNetCore.Authentication.AuthenticationMiddleware.Invoke(HttpContext context)
   at Swashbuckle.AspNetCore.SwaggerUI.SwaggerUIMiddleware.Invoke(HttpContext httpContext)
   at Swashbuckle.AspNetCore.Swagger.SwaggerMiddleware.Invoke(HttpContext httpContext, ISwaggerProvider swaggerProvider)
   at Serilog.AspNetCore.RequestLoggingMiddleware.Invoke(HttpContext httpContext)
2025-07-13 21:57:12.145 -05:00 [ERR] An unhandled exception has occurred while executing the request.
System.InvalidOperationException: Unable to resolve service for type 'Serilog.ILogger' while attempting to activate 'EstudiantesApp.API.Controllers.EstudiantesController'.
   at Microsoft.Extensions.DependencyInjection.ActivatorUtilities.ThrowHelperUnableToResolveService(Type type, Type requiredBy)
   at lambda_method10(Closure, IServiceProvider, Object[])
   at Microsoft.AspNetCore.Mvc.Controllers.ControllerFactoryProvider.<>c__DisplayClass6_0.<CreateControllerFactory>g__CreateController|0(ControllerContext controllerContext)
   at Microsoft.AspNetCore.Mvc.Infrastructure.ControllerActionInvoker.Next(State& next, Scope& scope, Object& state, Boolean& isCompleted)
   at Microsoft.AspNetCore.Mvc.Infrastructure.ControllerActionInvoker.InvokeInnerFilterAsync()
--- End of stack trace from previous location ---
   at Microsoft.AspNetCore.Mvc.Infrastructure.ResourceInvoker.<InvokeFilterPipelineAsync>g__Awaited|20_0(ResourceInvoker invoker, Task lastTask, State next, Scope scope, Object state, Boolean isCompleted)
   at Microsoft.AspNetCore.Mvc.Infrastructure.ResourceInvoker.<InvokeAsync>g__Awaited|17_0(ResourceInvoker invoker, Task task, IDisposable scope)
   at Microsoft.AspNetCore.Mvc.Infrastructure.ResourceInvoker.<InvokeAsync>g__Awaited|17_0(ResourceInvoker invoker, Task task, IDisposable scope)
   at Program.<>c.<<<Main>$>b__0_5>d.MoveNext() in C:\Users\dilan\OneDrive\Escritorio\EstudiantesApp\EstudiantesApp.API\EstudiantesApp.API\Program.cs:line 150
--- End of stack trace from previous location ---
   at Microsoft.AspNetCore.Authorization.AuthorizationMiddleware.Invoke(HttpContext context)
   at Microsoft.AspNetCore.Authentication.AuthenticationMiddleware.Invoke(HttpContext context)
   at Swashbuckle.AspNetCore.SwaggerUI.SwaggerUIMiddleware.Invoke(HttpContext httpContext)
   at Swashbuckle.AspNetCore.Swagger.SwaggerMiddleware.Invoke(HttpContext httpContext, ISwaggerProvider swaggerProvider)
   at Serilog.AspNetCore.RequestLoggingMiddleware.Invoke(HttpContext httpContext)
   at Microsoft.AspNetCore.Diagnostics.DeveloperExceptionPageMiddlewareImpl.Invoke(HttpContext context)
2025-07-13 22:10:32.183 -05:00 [INF] HTTP GET /swagger/index.html responded 200 in 139.4299 ms
2025-07-13 22:10:32.911 -05:00 [INF] HTTP GET /swagger/v1/swagger.json responded 200 in 34.9148 ms
2025-07-13 22:11:01.387 -05:00 [INF] Request: POST /api/Estudiantes
2025-07-13 22:11:02.109 -05:00 [WRN] You do not have a valid license key for the Lucky Penny software AutoMapper. This is allowed for development and testing scenarios. If you are running in production you are required to have a licensed version. Please visit https://luckypennysoftware.com to obtain a valid license.
2025-07-13 22:11:02.152 -05:00 [INF] Creando nuevo estudiante con email: prueba@prueba.com
2025-07-13 22:11:02.548 -05:00 [INF] Estudiante creado con ID 1
2025-07-13 22:11:02.603 -05:00 [INF] Response: 201
2025-07-13 22:11:02.605 -05:00 [INF] HTTP POST /api/Estudiantes responded 201 in 1442.3608 ms
2025-07-13 22:11:36.334 -05:00 [INF] HTTP GET /api/Estudiantes responded 401 in 64.5166 ms
